### Custom WaveView ADV log file, revision L-2016.03 (build Feb 24, ) ###
### created at 05:31:30 on Fri Mar 17 2023 (Linux AMD64) ###
### Host Name: ares-athena   User ID: 109303021   PID: 22431   ###
wv_start_log
# (0) running in waveview only mode
# (0) SW_SX_PERL_LIB defined
# (0) SW_SX_TCL_LIB defined
# (0) HOME defined
wv_move_window CustomWaveView 0 0
wv_resize_window CustomWaveView 800 400
wv_move_window CustomWaveView -10 -8
wv_move_window CustomWaveView 1136 424
wv_resize_window CustomWaveView 1848 1016
wv_move_window CustomWaveView 1192 508
wv_resize_window CustomWaveView 800 400
wv_move_window CustomWaveView 1142 458
wv_resize_window CustomWaveView 1848 1016
sx_open_sim_file_read {CLA_cmos.tr0}
wv_expand_tree_item MainWindow.hierview {D0:CLA_cmos.tr0}
wv_select_tree_item MainWindow.hierview {D0:CLA_cmos.tr0}
wv_expand_tree_item MainWindow.hierview {D0:CLA_cmos.tr0/toplevel}
wv_select_tree_item MainWindow.hierview {D0:CLA_cmos.tr0/toplevel}
wv_select_list_item MainWindow.sigview v(x0)
wv_dclick_list_item MainWindow.sigview v(x0)
wv_select_list_item MainWindow.sigview v(y0)
wv_dclick_list_item MainWindow.sigview v(y0)
wv_select_list_item MainWindow.sigview v(c8)
wv_dclick_list_item MainWindow.sigview v(c8)
wv_select_list_item MainWindow.sigview v(s7)
wv_dclick_list_item MainWindow.sigview v(s7)
wv_select_wv_item WV1.LEGEND.WIDTH
wv_drag_item_to WV1 80 400
wv_move_wv_item WV1.PANEL1:1.LEGEND.WIDTH 108
wv_select_wv_item WV1.LEGEND.WIDTH
wv_drag_item_to WV1 109 438
wv_move_wv_item WV1.PANEL1:1.LEGEND.WIDTH 135
wv_select_wv_item WV1.PANEL2:1.LEGEND
wv_drag_item_to WV1 126 439
wv_drag_enter WV1
wv_drag_to WV1 93 439
wv_drag_leave WV1
wv_drag_item_to WV1 120 439
wv_select_wv_item WV1.LEGEND.WIDTH
wv_drag_item_to WV1 132 399
wv_move_wv_item WV1.PANEL1:1.LEGEND.WIDTH 80
